<?xml version="1.0" encoding="UTF-8"?>
<!-- Generated by org.testng.reporters.JUnitXMLReporter -->
<testsuite hostname="DESKTOP-HJ8VKPG" ignored="0" name="Run on FIREFOX" tests="3" failures="0" timestamp="29 Aug 2021 12:19:42 GMT" time="47.471" errors="0">
  <testcase name="TC_01_Update_Customer_Info" time="8.198" classname="com.nopCommerce.register.MyAccount"/>
  <testcase name="TC_02_Add_Address_Info" time="10.068" classname="com.nopCommerce.register.MyAccount"/>
  <testcase name="TC_03_Change_Password" time="8.476" classname="com.nopCommerce.register.MyAccount"/>
</testsuite> <!-- Run on FIREFOX -->
