<?xml version="1.0" encoding="UTF-8"?>
<testng-results skipped="0" failed="0" ignored="0" total="3" passed="3">
  <reporter-output>
  </reporter-output>
  <suite name="Nop Commerce" duration-ms="47471" started-at="2021-08-29T12:18:55Z" finished-at="2021-08-29T12:19:42Z">
    <groups>
    </groups>
    <test name="Run on FIREFOX" duration-ms="47471" started-at="2021-08-29T12:18:55Z" finished-at="2021-08-29T12:19:42Z">
      <class name="com.nopCommerce.register.MyAccount">
        <test-method status="PASS" signature="beforeClass(java.lang.String, java.lang.String)[pri:0, instance:com.nopCommerce.register.MyAccount@28feb3fa]" name="beforeClass" is-config="true" duration-ms="20707" started-at="2021-08-29T12:18:55Z" finished-at="2021-08-29T12:19:15Z">
          <params>
            <param index="0">
              <value>
                <![CDATA[firefox]]>
              </value>
            </param>
            <param index="1">
              <value>
                <![CDATA[https://demo.nopcommerce.com/]]>
              </value>
            </param>
          </params>
          <reporter-output>
          </reporter-output>
        </test-method> <!-- beforeClass -->
        <test-method status="PASS" signature="TC_01_Update_Customer_Info()[pri:0, instance:com.nopCommerce.register.MyAccount@28feb3fa]" name="TC_01_Update_Customer_Info" duration-ms="8198" started-at="2021-08-29T12:19:16Z" finished-at="2021-08-29T12:19:24Z">
          <reporter-output>
          </reporter-output>
        </test-method> <!-- TC_01_Update_Customer_Info -->
        <test-method status="PASS" signature="TC_02_Add_Address_Info()[pri:0, instance:com.nopCommerce.register.MyAccount@28feb3fa]" name="TC_02_Add_Address_Info" duration-ms="10068" started-at="2021-08-29T12:19:24Z" finished-at="2021-08-29T12:19:34Z">
          <reporter-output>
          </reporter-output>
        </test-method> <!-- TC_02_Add_Address_Info -->
        <test-method status="PASS" signature="TC_03_Change_Password()[pri:0, instance:com.nopCommerce.register.MyAccount@28feb3fa]" name="TC_03_Change_Password" duration-ms="8476" started-at="2021-08-29T12:19:34Z" finished-at="2021-08-29T12:19:42Z">
          <reporter-output>
          </reporter-output>
        </test-method> <!-- TC_03_Change_Password -->
      </class> <!-- com.nopCommerce.register.MyAccount -->
    </test> <!-- Run on FIREFOX -->
  </suite> <!-- Nop Commerce -->
</testng-results>
